n:\vs_study2019\cpp_project_git2024\cpp_learning\transferfromdevice_wpdapi\debug\transferfromdevice_wpdapi.pch
n:\vs_study2019\cpp_project_git2024\cpp_learning\transferfromdevice_wpdapi\debug\vc140.pdb
n:\vs_study2019\cpp_project_git2024\cpp_learning\transferfromdevice_wpdapi\debug\vc140.idb
n:\vs_study2019\cpp_project_git2024\cpp_learning\transferfromdevice_wpdapi\debug\stringhandle.obj
n:\vs_study2019\cpp_project_git2024\cpp_learning\transferfromdevice_wpdapi\debug\main.obj
n:\vs_study2019\cpp_project_git2024\cpp_learning\transferfromdevice_wpdapi\debug\deviceevents.obj
n:\vs_study2019\cpp_project_git2024\cpp_learning\transferfromdevice_wpdapi\debug\deviceenumeration.obj
n:\vs_study2019\cpp_project_git2024\cpp_learning\transferfromdevice_wpdapi\debug\devicecapabilities.obj
n:\vs_study2019\cpp_project_git2024\cpp_learning\transferfromdevice_wpdapi\debug\contenttransfer.obj
n:\vs_study2019\cpp_project_git2024\cpp_learning\transferfromdevice_wpdapi\debug\contentproperties.obj
n:\vs_study2019\cpp_project_git2024\cpp_learning\transferfromdevice_wpdapi\debug\contentenumeration.obj
n:\vs_study2019\cpp_project_git2024\cpp_learning\transferfromdevice_wpdapi\debug\transferfromdevice_wpdapi.ilk
n:\vs_study2019\cpp_project_git2024\cpp_learning\transferfromdevice_wpdapi\debug\transferfromdevice_wpdapi.exe
n:\vs_study2019\cpp_project_git2024\cpp_learning\transferfromdevice_wpdapi\debug\transferfromdevice_wpdapi.pdb
n:\vs_study2019\cpp_project_git2024\cpp_learning\transferfromdevice_wpdapi\debug\transfer.749db878.tlog\cl.command.1.tlog
n:\vs_study2019\cpp_project_git2024\cpp_learning\transferfromdevice_wpdapi\debug\transfer.749db878.tlog\cl.read.1.tlog
n:\vs_study2019\cpp_project_git2024\cpp_learning\transferfromdevice_wpdapi\debug\transfer.749db878.tlog\cl.write.1.tlog
n:\vs_study2019\cpp_project_git2024\cpp_learning\transferfromdevice_wpdapi\debug\transfer.749db878.tlog\link.command.1.tlog
n:\vs_study2019\cpp_project_git2024\cpp_learning\transferfromdevice_wpdapi\debug\transfer.749db878.tlog\link.read.1.tlog
n:\vs_study2019\cpp_project_git2024\cpp_learning\transferfromdevice_wpdapi\debug\transfer.749db878.tlog\link.write.1.tlog
