生成启动时间为 2024/3/24 星期日 0:26:39。
     1>项目“N:\VS_Study2019\CPP_LearningProject\CPP_Learning\TransferFromDevice_WpdApi\TransferFromDevice_WpdApi.vcxproj”在节点 2 上(Build 个目标)。
     1>C:\Program Files (x86)\MSBuild\Microsoft.Cpp\v4.0\V140\Microsoft.CppBuild.targets(392,5): warning MSB8028: The intermediate directory (Debug\) contains files shared from another project (WpdApiSample.vcxproj).  This can lead to incorrect clean and rebuild behavior.
     1>ClCompile:
         K:\Program Files (x86)\Microsoft Visual Studio 14.0\VC\bin\CL.exe /c /IN:\A_ARM_Linux\Atom_ARM_Files\006_OpenCV\opencv_cmake_build\install\include /IN:\A_ARM_Linux\Atom_ARM_Files\006_OpenCV\opencv_cmake_build\install\include\opencv /IN:\A_ARM_Linux\Atom_ARM_Files\006_OpenCV\opencv_cmake_build\install\include\opencv2 /Zi /nologo /W4 /WX- /Od /Oy- /D WIN32 /D _DEBUG /D _CONSOLE /D _UNICODE /D UNICODE /Gm /EHsc /RTC1 /MDd /GS /fp:precise /Zc:wchar_t /Zc:forScope /Zc:inline /Yc"stdafx.h" /Fp"Debug\TransferFromDevice_WpdApi.pch" /Fo"Debug\\" /Fd"Debug\vc140.pdb" /Gd /TP /analyze- /errorReport:prompt /GS main.cpp
         main.cpp
     1>main.cpp(336): warning C4018: “<”: 有符号/无符号不匹配
     1>main.cpp(281): warning C4189: “eventCookie”: 局部变量已初始化但不引用
       Link:
         K:\Program Files (x86)\Microsoft Visual Studio 14.0\VC\bin\link.exe /ERRORREPORT:PROMPT /OUT:"Debug\TransferFromDevice_WpdApi.exe" /INCREMENTAL /NOLOGO /LIBPATH:N:\A_ARM_Linux\Atom_ARM_Files\006_OpenCV\opencv_cmake_build\install\x86\vc14\lib ShlWapi.lib PortableDeviceGuids.lib kernel32.lib user32.lib gdi32.lib winspool.lib comdlg32.lib advapi32.lib shell32.lib ole32.lib oleaut32.lib uuid.lib odbc32.lib odbccp32.lib /MANIFEST /MANIFESTUAC:"level='asInvoker' uiAccess='false'" /manifest:embed /Debug /PDB:"Debug\TransferFromDevice_WpdApi.pdb" /SUBSYSTEM:CONSOLE /TLBID:1 /DYNAMICBASE /IMPLIB:"Debug\TransferFromDevice_WpdApi.lib" /MACHINE:X86 /SAFESEH /NXCOMPAT /SAFESEH Debug\ContentEnumeration.obj
         Debug\ContentProperties.obj
         Debug\ContentTransfer.obj
         Debug\DeviceCapabilities.obj
         Debug\DeviceEnumeration.obj
         Debug\DeviceEvents.obj
         Debug\main.obj
         TransferFromDevice_WpdApi.vcxproj -> N:\VS_Study2019\CPP_LearningProject\CPP_Learning\TransferFromDevice_WpdApi\Debug\TransferFromDevice_WpdApi.exe
     1>已完成生成项目“N:\VS_Study2019\CPP_LearningProject\CPP_Learning\TransferFromDevice_WpdApi\TransferFromDevice_WpdApi.vcxproj”(Build 个目标)的操作。

已成功生成。

已用时间 00:00:01.69
