生成启动时间为 2024/3/23 星期六 23:45:58。
     1>项目“Q:\Apple_2023\CPP_Project\win_samples\PortableDeviceCOM\cpp_bak\WpdApiSample.vcxproj”在节点 2 上(Build 个目标)。
     1>ClCompile:
         K:\Program Files (x86)\Microsoft Visual Studio 14.0\VC\bin\CL.exe /c /IN:\A_ARM_Linux\Atom_ARM_Files\006_OpenCV\opencv_cmake_build\install\include /IN:\A_ARM_Linux\Atom_ARM_Files\006_OpenCV\opencv_cmake_build\install\include\opencv /IN:\A_ARM_Linux\Atom_ARM_Files\006_OpenCV\opencv_cmake_build\install\include\opencv2 /Zi /nologo /W4 /WX- /Od /Oy- /D WIN32 /D _DEBUG /D _CONSOLE /D _UNICODE /D UNICODE /Gm /EHsc /RTC1 /MDd /GS /fp:precise /Zc:wchar_t /Zc:forScope /Zc:inline /Yc"stdafx.h" /Fp"Debug\WpdApiSample.pch" /Fo"Debug\\" /Fd"Debug\vc140.pdb" /Gd /TP /analyze- /errorReport:prompt /GS ContentEnumeration.cpp WpdApiSample.cpp
         WpdApiSample.cpp
     1>WpdApiSample.cpp(336): warning C4018: “<”: 有符号/无符号不匹配
     1>WpdApiSample.cpp(281): warning C4189: “eventCookie”: 局部变量已初始化但不引用
         ContentEnumeration.cpp
       Link:
         K:\Program Files (x86)\Microsoft Visual Studio 14.0\VC\bin\link.exe /ERRORREPORT:PROMPT /OUT:"Debug\WpdApiSample.exe" /INCREMENTAL /NOLOGO /LIBPATH:N:\A_ARM_Linux\Atom_ARM_Files\006_OpenCV\opencv_cmake_build\install\x86\vc14\lib ShlWapi.lib PortableDeviceGuids.lib kernel32.lib user32.lib gdi32.lib winspool.lib comdlg32.lib advapi32.lib shell32.lib ole32.lib oleaut32.lib uuid.lib odbc32.lib odbccp32.lib /MANIFEST /MANIFESTUAC:"level='asInvoker' uiAccess='false'" /manifest:embed /Debug /PDB:"Debug\WpdApiSample.pdb" /SUBSYSTEM:CONSOLE /TLBID:1 /DYNAMICBASE /IMPLIB:"Debug\WpdApiSample.lib" /MACHINE:X86 /SAFESEH /NXCOMPAT /SAFESEH Debug\ContentEnumeration.obj
         Debug\ContentProperties.obj
         Debug\ContentTransfer.obj
         Debug\DeviceCapabilities.obj
         Debug\DeviceEnumeration.obj
         Debug\DeviceEvents.obj
         Debug\WpdApiSample.obj
         WpdApiSample.vcxproj -> Q:\Apple_2023\CPP_Project\win_samples\PortableDeviceCOM\cpp_bak\Debug\WpdApiSample.exe
     1>已完成生成项目“Q:\Apple_2023\CPP_Project\win_samples\PortableDeviceCOM\cpp_bak\WpdApiSample.vcxproj”(Build 个目标)的操作。

已成功生成。

已用时间 00:00:01.73
